<?xml version="1.0" encoding="UTF-8"?>
<testsuite xmlns:xsi="http://www.w3.org/2001/XMLSchema-instance" xsi:noNamespaceSchemaLocation="https://maven.apache.org/surefire/maven-surefire-plugin/xsd/surefire-test-report.xsd" name="com.javatechie.aws.lambda.SpringbootAwsLambdaApplicationTests" time="1.882" tests="1" errors="0" skipped="0" failures="0">
  <properties>
    <property name="java.specification.version" value="17"/>
    <property name="sun.jnu.encoding" value="UTF-8"/>
    <property name="java.class.path" value="/Users/mariannesalomaodeoliveira/Downloads/springboot-aws-lambda-master/target/test-classes:/Users/mariannesalomaodeoliveira/Downloads/springboot-aws-lambda-master/target/classes:/Users/mariannesalomaodeoliveira/.m2/repository/org/springframework/boot/spring-boot-starter/2.3.1.RELEASE/spring-boot-starter-2.3.1.RELEASE.jar:/Users/mariannesalomaodeoliveira/.m2/repository/org/springframework/boot/spring-boot/2.3.1.RELEASE/spring-boot-2.3.1.RELEASE.jar:/Users/mariannesalomaodeoliveira/.m2/repository/org/springframework/spring-context/5.2.7.RELEASE/spring-context-5.2.7.RELEASE.jar:/Users/mariannesalomaodeoliveira/.m2/repository/org/springframework/spring-aop/5.2.7.RELEASE/spring-aop-5.2.7.RELEASE.jar:/Users/mariannesalomaodeoliveira/.m2/repository/org/springframework/spring-expression/5.2.7.RELEASE/spring-expression-5.2.7.RELEASE.jar:/Users/mariannesalomaodeoliveira/.m2/repository/org/springframework/boot/spring-boot-autoconfigure/2.3.1.RELEASE/spring-boot-autoconfigure-2.3.1.RELEASE.jar:/Users/mariannesalomaodeoliveira/.m2/repository/org/springframework/boot/spring-boot-starter-logging/2.3.1.RELEASE/spring-boot-starter-logging-2.3.1.RELEASE.jar:/Users/mariannesalomaodeoliveira/.m2/repository/ch/qos/logback/logback-classic/1.2.3/logback-classic-1.2.3.jar:/Users/mariannesalomaodeoliveira/.m2/repository/ch/qos/logback/logback-core/1.2.3/logback-core-1.2.3.jar:/Users/mariannesalomaodeoliveira/.m2/repository/org/apache/logging/log4j/log4j-to-slf4j/2.13.3/log4j-to-slf4j-2.13.3.jar:/Users/mariannesalomaodeoliveira/.m2/repository/org/apache/logging/log4j/log4j-api/2.13.3/log4j-api-2.13.3.jar:/Users/mariannesalomaodeoliveira/.m2/repository/org/slf4j/jul-to-slf4j/1.7.30/jul-to-slf4j-1.7.30.jar:/Users/mariannesalomaodeoliveira/.m2/repository/jakarta/annotation/jakarta.annotation-api/1.3.5/jakarta.annotation-api-1.3.5.jar:/Users/mariannesalomaodeoliveira/.m2/repository/org/springframework/spring-core/5.2.7.RELEASE/spring-core-5.2.7.RELEASE.jar:/Users/mariannesalomaodeoliveira/.m2/repository/org/springframework/spring-jcl/5.2.7.RELEASE/spring-jcl-5.2.7.RELEASE.jar:/Users/mariannesalomaodeoliveira/.m2/repository/org/yaml/snakeyaml/1.26/snakeyaml-1.26.jar:/Users/mariannesalomaodeoliveira/.m2/repository/org/springframework/cloud/spring-cloud-function-adapter-aws/3.0.8.RELEASE/spring-cloud-function-adapter-aws-3.0.8.RELEASE.jar:/Users/mariannesalomaodeoliveira/.m2/repository/org/springframework/cloud/spring-cloud-function-context/3.0.8.RELEASE/spring-cloud-function-context-3.0.8.RELEASE.jar:/Users/mariannesalomaodeoliveira/.m2/repository/net/jodah/typetools/0.6.2/typetools-0.6.2.jar:/Users/mariannesalomaodeoliveira/.m2/repository/org/springframework/cloud/spring-cloud-function-core/3.0.8.RELEASE/spring-cloud-function-core-3.0.8.RELEASE.jar:/Users/mariannesalomaodeoliveira/.m2/repository/org/springframework/spring-messaging/5.2.7.RELEASE/spring-messaging-5.2.7.RELEASE.jar:/Users/mariannesalomaodeoliveira/.m2/repository/org/springframework/spring-web/5.2.7.RELEASE/spring-web-5.2.7.RELEASE.jar:/Users/mariannesalomaodeoliveira/.m2/repository/org/springframework/spring-beans/5.2.7.RELEASE/spring-beans-5.2.7.RELEASE.jar:/Users/mariannesalomaodeoliveira/.m2/repository/com/fasterxml/jackson/core/jackson-databind/2.11.0/jackson-databind-2.11.0.jar:/Users/mariannesalomaodeoliveira/.m2/repository/com/fasterxml/jackson/core/jackson-annotations/2.11.0/jackson-annotations-2.11.0.jar:/Users/mariannesalomaodeoliveira/.m2/repository/com/fasterxml/jackson/core/jackson-core/2.11.0/jackson-core-2.11.0.jar:/Users/mariannesalomaodeoliveira/.m2/repository/io/projectreactor/reactor-core/3.3.6.RELEASE/reactor-core-3.3.6.RELEASE.jar:/Users/mariannesalomaodeoliveira/.m2/repository/org/reactivestreams/reactive-streams/1.0.3/reactive-streams-1.0.3.jar:/Users/mariannesalomaodeoliveira/.m2/repository/javax/annotation/javax.annotation-api/1.3.2/javax.annotation-api-1.3.2.jar:/Users/mariannesalomaodeoliveira/.m2/repository/com/amazonaws/aws-lambda-java-events/2.0.2/aws-lambda-java-events-2.0.2.jar:/Users/mariannesalomaodeoliveira/.m2/repository/joda-time/joda-time/2.6/joda-time-2.6.jar:/Users/mariannesalomaodeoliveira/.m2/repository/com/amazonaws/aws-lambda-java-core/1.1.0/aws-lambda-java-core-1.1.0.jar:/Users/mariannesalomaodeoliveira/.m2/repository/org/projectlombok/lombok/1.18.20/lombok-1.18.20.jar:/Users/mariannesalomaodeoliveira/.m2/repository/org/springframework/boot/spring-boot-starter-test/2.3.1.RELEASE/spring-boot-starter-test-2.3.1.RELEASE.jar:/Users/mariannesalomaodeoliveira/.m2/repository/org/springframework/boot/spring-boot-test/2.3.1.RELEASE/spring-boot-test-2.3.1.RELEASE.jar:/Users/mariannesalomaodeoliveira/.m2/repository/org/springframework/boot/spring-boot-test-autoconfigure/2.3.1.RELEASE/spring-boot-test-autoconfigure-2.3.1.RELEASE.jar:/Users/mariannesalomaodeoliveira/.m2/repository/com/jayway/jsonpath/json-path/2.4.0/json-path-2.4.0.jar:/Users/mariannesalomaodeoliveira/.m2/repository/net/minidev/json-smart/2.3/json-smart-2.3.jar:/Users/mariannesalomaodeoliveira/.m2/repository/net/minidev/accessors-smart/1.2/accessors-smart-1.2.jar:/Users/mariannesalomaodeoliveira/.m2/repository/org/ow2/asm/asm/5.0.4/asm-5.0.4.jar:/Users/mariannesalomaodeoliveira/.m2/repository/org/slf4j/slf4j-api/1.7.30/slf4j-api-1.7.30.jar:/Users/mariannesalomaodeoliveira/.m2/repository/jakarta/xml/bind/jakarta.xml.bind-api/2.3.3/jakarta.xml.bind-api-2.3.3.jar:/Users/mariannesalomaodeoliveira/.m2/repository/jakarta/activation/jakarta.activation-api/1.2.2/jakarta.activation-api-1.2.2.jar:/Users/mariannesalomaodeoliveira/.m2/repository/org/assertj/assertj-core/3.16.1/assertj-core-3.16.1.jar:/Users/mariannesalomaodeoliveira/.m2/repository/org/hamcrest/hamcrest/2.2/hamcrest-2.2.jar:/Users/mariannesalomaodeoliveira/.m2/repository/org/junit/jupiter/junit-jupiter/5.6.2/junit-jupiter-5.6.2.jar:/Users/mariannesalomaodeoliveira/.m2/repository/org/junit/jupiter/junit-jupiter-api/5.6.2/junit-jupiter-api-5.6.2.jar:/Users/mariannesalomaodeoliveira/.m2/repository/org/apiguardian/apiguardian-api/1.1.0/apiguardian-api-1.1.0.jar:/Users/mariannesalomaodeoliveira/.m2/repository/org/opentest4j/opentest4j/1.2.0/opentest4j-1.2.0.jar:/Users/mariannesalomaodeoliveira/.m2/repository/org/junit/platform/junit-platform-commons/1.6.2/junit-platform-commons-1.6.2.jar:/Users/mariannesalomaodeoliveira/.m2/repository/org/junit/jupiter/junit-jupiter-params/5.6.2/junit-jupiter-params-5.6.2.jar:/Users/mariannesalomaodeoliveira/.m2/repository/org/junit/jupiter/junit-jupiter-engine/5.6.2/junit-jupiter-engine-5.6.2.jar:/Users/mariannesalomaodeoliveira/.m2/repository/org/junit/platform/junit-platform-engine/1.6.2/junit-platform-engine-1.6.2.jar:/Users/mariannesalomaodeoliveira/.m2/repository/org/mockito/mockito-core/3.3.3/mockito-core-3.3.3.jar:/Users/mariannesalomaodeoliveira/.m2/repository/net/bytebuddy/byte-buddy/1.10.11/byte-buddy-1.10.11.jar:/Users/mariannesalomaodeoliveira/.m2/repository/net/bytebuddy/byte-buddy-agent/1.10.11/byte-buddy-agent-1.10.11.jar:/Users/mariannesalomaodeoliveira/.m2/repository/org/objenesis/objenesis/2.6/objenesis-2.6.jar:/Users/mariannesalomaodeoliveira/.m2/repository/org/mockito/mockito-junit-jupiter/3.3.3/mockito-junit-jupiter-3.3.3.jar:/Users/mariannesalomaodeoliveira/.m2/repository/org/skyscreamer/jsonassert/1.5.0/jsonassert-1.5.0.jar:/Users/mariannesalomaodeoliveira/.m2/repository/com/vaadin/external/google/android-json/0.0.20131108.vaadin1/android-json-0.0.20131108.vaadin1.jar:/Users/mariannesalomaodeoliveira/.m2/repository/org/springframework/spring-test/5.2.7.RELEASE/spring-test-5.2.7.RELEASE.jar:/Users/mariannesalomaodeoliveira/.m2/repository/org/xmlunit/xmlunit-core/2.7.0/xmlunit-core-2.7.0.jar:"/>
    <property name="java.vm.vendor" value="Homebrew"/>
    <property name="sun.arch.data.model" value="64"/>
    <property name="java.vendor.url" value="https://github.com/Homebrew/homebrew-core/issues"/>
    <property name="os.name" value="Mac OS X"/>
    <property name="java.vm.specification.version" value="17"/>
    <property name="sun.java.launcher" value="SUN_STANDARD"/>
    <property name="user.country" value="BR"/>
    <property name="sun.boot.library.path" value="/usr/local/Cellar/openjdk/17.0.1/libexec/openjdk.jdk/Contents/Home/lib"/>
    <property name="sun.java.command" value="/Users/mariannesalomaodeoliveira/Downloads/springboot-aws-lambda-master/target/surefire/surefirebooter5083237662409693101.jar /Users/mariannesalomaodeoliveira/Downloads/springboot-aws-lambda-master/target/surefire 2021-11-24T17-47-03_941-jvmRun1 surefire792833171787182548tmp surefire_017766491570757436497tmp"/>
    <property name="jdk.debug" value="release"/>
    <property name="surefire.test.class.path" value="/Users/mariannesalomaodeoliveira/Downloads/springboot-aws-lambda-master/target/test-classes:/Users/mariannesalomaodeoliveira/Downloads/springboot-aws-lambda-master/target/classes:/Users/mariannesalomaodeoliveira/.m2/repository/org/springframework/boot/spring-boot-starter/2.3.1.RELEASE/spring-boot-starter-2.3.1.RELEASE.jar:/Users/mariannesalomaodeoliveira/.m2/repository/org/springframework/boot/spring-boot/2.3.1.RELEASE/spring-boot-2.3.1.RELEASE.jar:/Users/mariannesalomaodeoliveira/.m2/repository/org/springframework/spring-context/5.2.7.RELEASE/spring-context-5.2.7.RELEASE.jar:/Users/mariannesalomaodeoliveira/.m2/repository/org/springframework/spring-aop/5.2.7.RELEASE/spring-aop-5.2.7.RELEASE.jar:/Users/mariannesalomaodeoliveira/.m2/repository/org/springframework/spring-expression/5.2.7.RELEASE/spring-expression-5.2.7.RELEASE.jar:/Users/mariannesalomaodeoliveira/.m2/repository/org/springframework/boot/spring-boot-autoconfigure/2.3.1.RELEASE/spring-boot-autoconfigure-2.3.1.RELEASE.jar:/Users/mariannesalomaodeoliveira/.m2/repository/org/springframework/boot/spring-boot-starter-logging/2.3.1.RELEASE/spring-boot-starter-logging-2.3.1.RELEASE.jar:/Users/mariannesalomaodeoliveira/.m2/repository/ch/qos/logback/logback-classic/1.2.3/logback-classic-1.2.3.jar:/Users/mariannesalomaodeoliveira/.m2/repository/ch/qos/logback/logback-core/1.2.3/logback-core-1.2.3.jar:/Users/mariannesalomaodeoliveira/.m2/repository/org/apache/logging/log4j/log4j-to-slf4j/2.13.3/log4j-to-slf4j-2.13.3.jar:/Users/mariannesalomaodeoliveira/.m2/repository/org/apache/logging/log4j/log4j-api/2.13.3/log4j-api-2.13.3.jar:/Users/mariannesalomaodeoliveira/.m2/repository/org/slf4j/jul-to-slf4j/1.7.30/jul-to-slf4j-1.7.30.jar:/Users/mariannesalomaodeoliveira/.m2/repository/jakarta/annotation/jakarta.annotation-api/1.3.5/jakarta.annotation-api-1.3.5.jar:/Users/mariannesalomaodeoliveira/.m2/repository/org/springframework/spring-core/5.2.7.RELEASE/spring-core-5.2.7.RELEASE.jar:/Users/mariannesalomaodeoliveira/.m2/repository/org/springframework/spring-jcl/5.2.7.RELEASE/spring-jcl-5.2.7.RELEASE.jar:/Users/mariannesalomaodeoliveira/.m2/repository/org/yaml/snakeyaml/1.26/snakeyaml-1.26.jar:/Users/mariannesalomaodeoliveira/.m2/repository/org/springframework/cloud/spring-cloud-function-adapter-aws/3.0.8.RELEASE/spring-cloud-function-adapter-aws-3.0.8.RELEASE.jar:/Users/mariannesalomaodeoliveira/.m2/repository/org/springframework/cloud/spring-cloud-function-context/3.0.8.RELEASE/spring-cloud-function-context-3.0.8.RELEASE.jar:/Users/mariannesalomaodeoliveira/.m2/repository/net/jodah/typetools/0.6.2/typetools-0.6.2.jar:/Users/mariannesalomaodeoliveira/.m2/repository/org/springframework/cloud/spring-cloud-function-core/3.0.8.RELEASE/spring-cloud-function-core-3.0.8.RELEASE.jar:/Users/mariannesalomaodeoliveira/.m2/repository/org/springframework/spring-messaging/5.2.7.RELEASE/spring-messaging-5.2.7.RELEASE.jar:/Users/mariannesalomaodeoliveira/.m2/repository/org/springframework/spring-web/5.2.7.RELEASE/spring-web-5.2.7.RELEASE.jar:/Users/mariannesalomaodeoliveira/.m2/repository/org/springframework/spring-beans/5.2.7.RELEASE/spring-beans-5.2.7.RELEASE.jar:/Users/mariannesalomaodeoliveira/.m2/repository/com/fasterxml/jackson/core/jackson-databind/2.11.0/jackson-databind-2.11.0.jar:/Users/mariannesalomaodeoliveira/.m2/repository/com/fasterxml/jackson/core/jackson-annotations/2.11.0/jackson-annotations-2.11.0.jar:/Users/mariannesalomaodeoliveira/.m2/repository/com/fasterxml/jackson/core/jackson-core/2.11.0/jackson-core-2.11.0.jar:/Users/mariannesalomaodeoliveira/.m2/repository/io/projectreactor/reactor-core/3.3.6.RELEASE/reactor-core-3.3.6.RELEASE.jar:/Users/mariannesalomaodeoliveira/.m2/repository/org/reactivestreams/reactive-streams/1.0.3/reactive-streams-1.0.3.jar:/Users/mariannesalomaodeoliveira/.m2/repository/javax/annotation/javax.annotation-api/1.3.2/javax.annotation-api-1.3.2.jar:/Users/mariannesalomaodeoliveira/.m2/repository/com/amazonaws/aws-lambda-java-events/2.0.2/aws-lambda-java-events-2.0.2.jar:/Users/mariannesalomaodeoliveira/.m2/repository/joda-time/joda-time/2.6/joda-time-2.6.jar:/Users/mariannesalomaodeoliveira/.m2/repository/com/amazonaws/aws-lambda-java-core/1.1.0/aws-lambda-java-core-1.1.0.jar:/Users/mariannesalomaodeoliveira/.m2/repository/org/projectlombok/lombok/1.18.20/lombok-1.18.20.jar:/Users/mariannesalomaodeoliveira/.m2/repository/org/springframework/boot/spring-boot-starter-test/2.3.1.RELEASE/spring-boot-starter-test-2.3.1.RELEASE.jar:/Users/mariannesalomaodeoliveira/.m2/repository/org/springframework/boot/spring-boot-test/2.3.1.RELEASE/spring-boot-test-2.3.1.RELEASE.jar:/Users/mariannesalomaodeoliveira/.m2/repository/org/springframework/boot/spring-boot-test-autoconfigure/2.3.1.RELEASE/spring-boot-test-autoconfigure-2.3.1.RELEASE.jar:/Users/mariannesalomaodeoliveira/.m2/repository/com/jayway/jsonpath/json-path/2.4.0/json-path-2.4.0.jar:/Users/mariannesalomaodeoliveira/.m2/repository/net/minidev/json-smart/2.3/json-smart-2.3.jar:/Users/mariannesalomaodeoliveira/.m2/repository/net/minidev/accessors-smart/1.2/accessors-smart-1.2.jar:/Users/mariannesalomaodeoliveira/.m2/repository/org/ow2/asm/asm/5.0.4/asm-5.0.4.jar:/Users/mariannesalomaodeoliveira/.m2/repository/org/slf4j/slf4j-api/1.7.30/slf4j-api-1.7.30.jar:/Users/mariannesalomaodeoliveira/.m2/repository/jakarta/xml/bind/jakarta.xml.bind-api/2.3.3/jakarta.xml.bind-api-2.3.3.jar:/Users/mariannesalomaodeoliveira/.m2/repository/jakarta/activation/jakarta.activation-api/1.2.2/jakarta.activation-api-1.2.2.jar:/Users/mariannesalomaodeoliveira/.m2/repository/org/assertj/assertj-core/3.16.1/assertj-core-3.16.1.jar:/Users/mariannesalomaodeoliveira/.m2/repository/org/hamcrest/hamcrest/2.2/hamcrest-2.2.jar:/Users/mariannesalomaodeoliveira/.m2/repository/org/junit/jupiter/junit-jupiter/5.6.2/junit-jupiter-5.6.2.jar:/Users/mariannesalomaodeoliveira/.m2/repository/org/junit/jupiter/junit-jupiter-api/5.6.2/junit-jupiter-api-5.6.2.jar:/Users/mariannesalomaodeoliveira/.m2/repository/org/apiguardian/apiguardian-api/1.1.0/apiguardian-api-1.1.0.jar:/Users/mariannesalomaodeoliveira/.m2/repository/org/opentest4j/opentest4j/1.2.0/opentest4j-1.2.0.jar:/Users/mariannesalomaodeoliveira/.m2/repository/org/junit/platform/junit-platform-commons/1.6.2/junit-platform-commons-1.6.2.jar:/Users/mariannesalomaodeoliveira/.m2/repository/org/junit/jupiter/junit-jupiter-params/5.6.2/junit-jupiter-params-5.6.2.jar:/Users/mariannesalomaodeoliveira/.m2/repository/org/junit/jupiter/junit-jupiter-engine/5.6.2/junit-jupiter-engine-5.6.2.jar:/Users/mariannesalomaodeoliveira/.m2/repository/org/junit/platform/junit-platform-engine/1.6.2/junit-platform-engine-1.6.2.jar:/Users/mariannesalomaodeoliveira/.m2/repository/org/mockito/mockito-core/3.3.3/mockito-core-3.3.3.jar:/Users/mariannesalomaodeoliveira/.m2/repository/net/bytebuddy/byte-buddy/1.10.11/byte-buddy-1.10.11.jar:/Users/mariannesalomaodeoliveira/.m2/repository/net/bytebuddy/byte-buddy-agent/1.10.11/byte-buddy-agent-1.10.11.jar:/Users/mariannesalomaodeoliveira/.m2/repository/org/objenesis/objenesis/2.6/objenesis-2.6.jar:/Users/mariannesalomaodeoliveira/.m2/repository/org/mockito/mockito-junit-jupiter/3.3.3/mockito-junit-jupiter-3.3.3.jar:/Users/mariannesalomaodeoliveira/.m2/repository/org/skyscreamer/jsonassert/1.5.0/jsonassert-1.5.0.jar:/Users/mariannesalomaodeoliveira/.m2/repository/com/vaadin/external/google/android-json/0.0.20131108.vaadin1/android-json-0.0.20131108.vaadin1.jar:/Users/mariannesalomaodeoliveira/.m2/repository/org/springframework/spring-test/5.2.7.RELEASE/spring-test-5.2.7.RELEASE.jar:/Users/mariannesalomaodeoliveira/.m2/repository/org/xmlunit/xmlunit-core/2.7.0/xmlunit-core-2.7.0.jar:"/>
    <property name="sun.cpu.endian" value="little"/>
    <property name="user.home" value="/Users/mariannesalomaodeoliveira"/>
    <property name="user.language" value="pt"/>
    <property name="java.specification.vendor" value="Oracle Corporation"/>
    <property name="java.version.date" value="2021-10-19"/>
    <property name="java.home" value="/usr/local/Cellar/openjdk/17.0.1/libexec/openjdk.jdk/Contents/Home"/>
    <property name="file.separator" value="/"/>
    <property name="basedir" value="/Users/mariannesalomaodeoliveira/Downloads/springboot-aws-lambda-master"/>
    <property name="java.vm.compressedOopsMode" value="Zero based"/>
    <property name="line.separator" value="&#10;"/>
    <property name="java.vm.specification.vendor" value="Oracle Corporation"/>
    <property name="java.specification.name" value="Java Platform API Specification"/>
    <property name="surefire.real.class.path" value="/Users/mariannesalomaodeoliveira/Downloads/springboot-aws-lambda-master/target/surefire/surefirebooter5083237662409693101.jar"/>
    <property name="sun.management.compiler" value="HotSpot 64-Bit Tiered Compilers"/>
    <property name="java.runtime.version" value="17.0.1+0"/>
    <property name="user.name" value="mariannesalomaodeoliveira"/>
    <property name="path.separator" value=":"/>
    <property name="os.version" value="12.0.1"/>
    <property name="java.runtime.name" value="OpenJDK Runtime Environment"/>
    <property name="file.encoding" value="UTF-8"/>
    <property name="java.vm.name" value="OpenJDK 64-Bit Server VM"/>
    <property name="java.vendor.version" value="Homebrew"/>
    <property name="localRepository" value="/Users/mariannesalomaodeoliveira/.m2/repository"/>
    <property name="java.vendor.url.bug" value="https://github.com/Homebrew/homebrew-core/issues"/>
    <property name="java.io.tmpdir" value="/var/folders/ht/z2sn4dc90d96sdvr7k9_jn200000gn/T/"/>
    <property name="java.version" value="17.0.1"/>
    <property name="user.dir" value="/Users/mariannesalomaodeoliveira/Downloads/springboot-aws-lambda-master"/>
    <property name="os.arch" value="x86_64"/>
    <property name="java.vm.specification.name" value="Java Virtual Machine Specification"/>
    <property name="native.encoding" value="UTF-8"/>
    <property name="java.library.path" value="/Users/mariannesalomaodeoliveira/Library/Java/Extensions:/Library/Java/Extensions:/Network/Library/Java/Extensions:/System/Library/Java/Extensions:/usr/lib/java:."/>
    <property name="java.vm.info" value="mixed mode, sharing"/>
    <property name="java.vendor" value="Homebrew"/>
    <property name="java.vm.version" value="17.0.1+0"/>
    <property name="sun.io.unicode.encoding" value="UnicodeBig"/>
    <property name="java.class.version" value="61.0"/>
  </properties>
  <testcase name="contextLoads" classname="com.javatechie.aws.lambda.SpringbootAwsLambdaApplicationTests" time="0.235"/>
</testsuite>